[LOG] FMOD_System_Create                       : Header version = 2.03.11. Current version = 2.03.11.
[LOG] system_create                            : Header version = 2.03.11. Current version = 2.03.11.
[LOG] SystemI::setOutputInternal               : Setting output to 'FMOD Core Audio Output'
[LOG] Manager::init                            : maxchannels = 256 studioflags = 00000006 flags 00000000 extradriverdata 0x0.
[LOG] SystemI::init                            : Initialize version=20311 (158528), maxchannels=256, flags=0x00020000
[LOG] OutputCoreAudio::init                    : Output running 2 channels at 24000Hz sample rate.
[LOG] OutputCoreAudio::init                    : Maximum hardware read size: 480 samples, Software buffer size: 512 samples, Number of software buffers: 4.
[LOG] SystemI::init                            : Output requires a sample rate of 24000Hz, resampling will occur.
[LOG] Thread::initThread                       : Init FMOD stream thread. Affinity: 0x4000000000000003, Priority: 0xFFFF7FFB, Stack Size: 98304, Semaphore: No, Sleep Time: 10, Looping: Yes.
[LOG] SystemI::DSPCodecPoolRegister            : register codec pool for pool type 0
[LOG] Thread::initThread                       : Init FMOD mixer thread. Affinity: 0x4000000000000001, Priority: 0xFFFF7FFA, Stack Size: 81920, Semaphore: Yes, Sleep Time: 0, Looping: Yes.
[LOG] AsyncManager::init                       : manager 0x41a197408 isAsync 0 updatePeriod 0.02
[LOG] AsyncManager::init                       : done
[LOG] PlaybackSystem::init                     : 
[LOG] Thread::initThread                       : Init FMOD Studio sample load thread. Affinity: 0x4000000000000003, Priority: 0xFFFF7FFD, Stack Size: 98304, Semaphore: No, Sleep Time: 1, Looping: No.
[LOG] PlaybackSystem::init                     : done
[LOG] Thread::initThread                       : Init FMOD Studio bank load thread. Affinity: 0x4000000000000003, Priority: 0xFFFF7FFD, Stack Size: 98304, Semaphore: No, Sleep Time: 1, Looping: No.
[LOG] Manager::init                            : done.
[LOG] BankLoader::serializeBank                : fileversion = 146, compatVersion = 146 (oldest = 44, newest = 146)
[LOG] BankLoader::serializeBank                : fileversion = 146, compatVersion = 146 (oldest = 44, newest = 146)
[LOG] BankLoader::serializeBank                : fileversion = 146, compatVersion = 146 (oldest = 44, newest = 146)
[LOG] PlaybackSystem::acquireMasterBus         : Setting master channel group format to 6
[LOG] SystemI::createSoundInternal             : Create name='', mode=0x02000202
[LOG] SystemI::createSoundInternal             : exinfo->cbsize             = 224
[LOG] SystemI::createSoundInternal             : exinfo->length             = 7366720
[LOG] SystemI::createSoundInternal             : exinfo->fileoffset         = 32000
[LOG] SystemI::createSoundInternal             : exinfo->numsubsounds       = 1
[LOG] SystemI::createSoundInternal             : exinfo->inclusionlist      = 0x33826a7d4
[LOG] SystemI::createSoundInternal             : exinfo->inclusionlistnum   = 1
[LOG] SystemI::createSoundInternal             : exinfo->suggestedsoundtype = 5
[LOG] SystemI::createSoundInternal             : exinfo->useropen           = 0x3a01a4000
[LOG] SystemI::createSoundInternal             : exinfo->userclose          = 0x3a01a40d4
[LOG] SystemI::createSoundInternal             : exinfo->userread           = 0x3a01a4110
[LOG] SystemI::createSoundInternal             : exinfo->userseek           = 0x3a01a41e0
[LOG] SystemI::createSoundInternal             : exinfo->fileuserdata       = 0x33cfc3528
[LOG] SystemI::createSoundInternal             : exinfo->initialseekpostype = 1
[LOG] SystemI::DSPCodecPoolRegister            : register codec pool for pool type 4
[LOG] SystemI::createSoundInternal             : Sample 0/1: name='slime-squish-5-218569', format=5, channels=2, frequency=48000, lengthbytes=8096, lengthpcm=27648, pcmblocksize=0, loopstart=0, loopend=0, mode=0x00000000, channelmask=0x00000000, channelorder=0, peakvolume=0.926056.
[LOG] SystemI::createSound                     : filename = Assets/_SLIME/FMOD Assets/Build/Desktop/Master.bank : mode 02010082
[LOG] SystemI::createSound                     : FMOD_NONBLOCKING specified.  Putting into queue to be opened asynchronously!
[LOG] AsyncThread::getAsyncThread              : index = 0 / 5
[LOG] AsyncThread::add                         : add sound to async queue : soundi = 0x3ac0ed6f8, queue head = 0x331ad0158, queue count = 0
[LOG] AsyncThread::threadFunc                  : Starting Asynchronous operation on sound 0x3ac0ed6f8
[LOG] SystemI::createSoundInternal             :     Create name='Assets/_SLIME/FMOD Assets/Build/Desktop/Master.bank', mode=0x02010082
[LOG] SystemI::createSoundInternal             :     exinfo->cbsize             = 224
[LOG] SystemI::createSoundInternal             :     exinfo->length             = 7366720
[LOG] SystemI::createSoundInternal             :     exinfo->fileoffset         = 32000
[LOG] SystemI::createSoundInternal             :     exinfo->numsubsounds       = 1
[LOG] SystemI::createSoundInternal             :     exinfo->inclusionlist      = 0x37d2ddc78
[LOG] SystemI::createSoundInternal             :     exinfo->inclusionlistnum   = 1
[LOG] SystemI::createSoundInternal             :     exinfo->suggestedsoundtype = 5
[LOG] SystemI::createSoundInternal             :     exinfo->initialseekpostype = 1
[LOG] SystemI::createSoundInternal             :     Stream 0/1: name='Rope Stretch', format=5, channels=2, frequency=48000, lengthbytes=485408, lengthpcm=1442304, pcmblocksize=0, loopstart=0, loopend=0, mode=0x00000000, channelmask=0x00000000, channelorder=0, peakvolume=0.905548.
[LOG] AsyncThread::threadFunc                  : Finished Asynchronous operation on sound 0x3ac0ed6f8
[LOG] AsyncThread::add                         : add sound to async queue : soundi = 0x15be91228, queue head = 0x331ad0158, queue count = 0
[LOG] AsyncThread::threadFunc                  : Starting Asynchronous operation on sound 0x15be91228
[LOG] AsyncThread::threadFunc                  : Finished Asynchronous operation on sound 0x15be91228
[LOG] SystemI::createSoundInternal             : Create name='', mode=0x02000202
[LOG] SystemI::createSoundInternal             : exinfo->cbsize             = 224
[LOG] SystemI::createSoundInternal             : exinfo->length             = 7366720
[LOG] SystemI::createSoundInternal             : exinfo->fileoffset         = 32000
[LOG] SystemI::createSoundInternal             : exinfo->numsubsounds       = 1
[LOG] SystemI::createSoundInternal             : exinfo->inclusionlist      = 0x33826a7d4
[LOG] SystemI::createSoundInternal             : exinfo->inclusionlistnum   = 1
[LOG] SystemI::createSoundInternal             : exinfo->suggestedsoundtype = 5
[LOG] SystemI::createSoundInternal             : exinfo->useropen           = 0x3a01a4000
[LOG] SystemI::createSoundInternal             : exinfo->userclose          = 0x3a01a40d4
[LOG] SystemI::createSoundInternal             : exinfo->userread           = 0x3a01a4110
[LOG] SystemI::createSoundInternal             : exinfo->userseek           = 0x3a01a41e0
[LOG] SystemI::createSoundInternal             : exinfo->fileuserdata       = 0x3bd72c7e8
[LOG] SystemI::createSoundInternal             : exinfo->initialseekpostype = 1
[LOG] SystemI::DSPCodecPoolRegister            : register codec pool for pool type 4
[LOG] SystemI::createSoundInternal             : Sample 0/1: name='Runble', format=5, channels=1, frequency=48000, lengthbytes=30816, lengthpcm=311040, pcmblocksize=0, loopstart=0, loopend=0, mode=0x00000000, channelmask=0x00000000, channelorder=0, peakvolume=0.948944.
[LOG] SystemI::createSound                     : filename = Assets/_SLIME/FMOD Assets/Build/Desktop/Master.bank : mode 02010082
[LOG] SystemI::createSound                     : FMOD_NONBLOCKING specified.  Putting into queue to be opened asynchronously!
[LOG] AsyncThread::getAsyncThread              : index = 0 / 5
[LOG] AsyncThread::add                         : add sound to async queue : soundi = 0x350ae60b8, queue head = 0x331ad0158, queue count = 0
[LOG] AsyncThread::threadFunc                  : Starting Asynchronous operation on sound 0x350ae60b8
[LOG] SystemI::createSoundInternal             :     Create name='Assets/_SLIME/FMOD Assets/Build/Desktop/Master.bank', mode=0x02010082
[LOG] SystemI::createSoundInternal             :     exinfo->cbsize             = 224
[LOG] SystemI::createSoundInternal             :     exinfo->length             = 7366720
[LOG] SystemI::createSoundInternal             :     exinfo->fileoffset         = 32000
[LOG] SystemI::createSoundInternal             :     exinfo->numsubsounds       = 1
[LOG] SystemI::createSoundInternal             :     exinfo->inclusionlist      = 0x12162d688
[LOG] SystemI::createSoundInternal             :     exinfo->inclusionlistnum   = 1
[LOG] SystemI::createSoundInternal             :     exinfo->suggestedsoundtype = 5
[LOG] SystemI::createSoundInternal             :     exinfo->initialseekpostype = 1
[LOG] SystemI::createSoundInternal             :     Create name='', mode=0x02000202
[LOG] SystemI::createSoundInternal             :     exinfo->cbsize             = 224
[LOG] SystemI::createSoundInternal             :     exinfo->length             = 7366720
[LOG] SystemI::createSoundInternal             :     exinfo->fileoffset         = 32000
[LOG] SystemI::createSoundInternal             :     exinfo->numsubsounds       = 1
[LOG] SystemI::createSoundInternal             :     exinfo->inclusionlist      = 0x33826a7d4
[LOG] SystemI::createSoundInternal             :     exinfo->inclusionlistnum   = 1
[LOG] SystemI::createSoundInternal             :     exinfo->suggestedsoundtype = 5
[LOG] SystemI::createSoundInternal             :     exinfo->useropen           = 0x3a01a4000
[LOG] SystemI::createSoundInternal             :     exinfo->userclose          = 0x3a01a40d4
[LOG] SystemI::createSoundInternal             :     exinfo->userread           = 0x3a01a4110
[LOG] SystemI::createSoundInternal             :     exinfo->userseek           = 0x3a01a41e0
[LOG] SystemI::createSoundInternal             :     exinfo->fileuserdata       = 0x3540be988
[LOG] SystemI::createSoundInternal             :     exinfo->initialseekpostype = 1
[LOG] SystemI::createSoundInternal             :     Stream 0/1: name='Hit', format=5, channels=2, frequency=48000, lengthbytes=139680, lengthpcm=763776, pcmblocksize=0, loopstart=0, loopend=0, mode=0x00000000, channelmask=0x00000000, channelorder=0, peakvolume=0.988892.
[LOG] SystemI::DSPCodecPoolRegister            :     register codec pool for pool type 4
[LOG] SystemI::createSoundInternal             :     Sample 0/1: name='basketball-96777', format=5, channels=2, frequency=48000, lengthbytes=84416, lengthpcm=464256, pcmblocksize=0, loopstart=0, loopend=0, mode=0x00000000, channelmask=0x00000000, channelorder=0, peakvolume=0.862793.
[LOG] AsyncThread::threadFunc                  : Finished Asynchronous operation on sound 0x350ae60b8
[LOG] SoundI::release                          : Rope Stretch (0x3ac0ed6f8)
[LOG] SoundI::release                          :     Rope Stretch (0x15be6b8f8)
[LOG] SoundI::release                          :     Rope Stretch (0x15be91228)
[LOG] SoundI::release                          : Hit (0x350ae60b8)
[LOG] SoundI::release                          :     Hit (0x15beee4b8)
[LOG] SoundI::release                          :     Hit (0x15bebaee8)
[LOG] SystemI::createSoundInternal             : Create name='', mode=0x02000202
[LOG] SystemI::createSoundInternal             : exinfo->cbsize             = 224
[LOG] SystemI::createSoundInternal             : exinfo->length             = 7366720
[LOG] SystemI::createSoundInternal             : exinfo->fileoffset         = 32000
[LOG] SystemI::createSoundInternal             : exinfo->numsubsounds       = 1
[LOG] SystemI::createSoundInternal             : exinfo->inclusionlist      = 0x33826a7d4
[LOG] SystemI::createSoundInternal             : exinfo->inclusionlistnum   = 1
[LOG] SystemI::createSoundInternal             : exinfo->suggestedsoundtype = 5
[LOG] SystemI::createSoundInternal             : exinfo->useropen           = 0x3a01a4000
[LOG] SystemI::createSoundInternal             : exinfo->userclose          = 0x3a01a40d4
[LOG] SystemI::createSoundInternal             : exinfo->userread           = 0x3a01a4110
[LOG] SystemI::createSoundInternal             : exinfo->userseek           = 0x3a01a41e0
[LOG] SystemI::createSoundInternal             : exinfo->fileuserdata       = 0x3bd72c7e8
[LOG] SystemI::createSoundInternal             : exinfo->initialseekpostype = 1
[LOG] SystemI::DSPCodecPoolRegister            : register codec pool for pool type 4
[LOG] SystemI::createSoundInternal             : Sample 0/1: name='Icicle break', format=5, channels=2, frequency=48000, lengthbytes=7936, lengthpcm=29952, pcmblocksize=0, loopstart=0, loopend=0, mode=0x00000000, channelmask=0x00000000, channelorder=0, peakvolume=0.756653.
[LOG] SystemI::createSound                     : filename = Assets/_SLIME/FMOD Assets/Build/Desktop/Master.bank : mode 02010082
[LOG] SystemI::createSound                     : FMOD_NONBLOCKING specified.  Putting into queue to be opened asynchronously!
[LOG] AsyncThread::getAsyncThread              : index = 0 / 5
[LOG] AsyncThread::add                         : add sound to async queue : soundi = 0x15bebaee8, queue head = 0x331ad0158, queue count = 0
[LOG] AsyncThread::threadFunc                  : Starting Asynchronous operation on sound 0x15bebaee8
[LOG] SystemI::createSoundInternal             :     Create name='Assets/_SLIME/FMOD Assets/Build/Desktop/Master.bank', mode=0x02010082
[LOG] SystemI::createSoundInternal             :     exinfo->cbsize             = 224
[LOG] SystemI::createSoundInternal             :     exinfo->length             = 7366720
[LOG] SystemI::createSoundInternal             :     exinfo->fileoffset         = 32000
[LOG] SystemI::createSoundInternal             :     exinfo->numsubsounds       = 1
[LOG] SystemI::createSoundInternal             :     exinfo->inclusionlist      = 0x15bebacb8
[LOG] SystemI::createSoundInternal             :     exinfo->inclusionlistnum   = 1
[LOG] SystemI::createSoundInternal             :     exinfo->suggestedsoundtype = 5
[LOG] SystemI::createSoundInternal             :     exinfo->initialseekpostype = 1
[LOG] SystemI::createSoundInternal             :     Stream 0/1: name='Rope Stretch', format=5, channels=2, frequency=48000, lengthbytes=485408, lengthpcm=1442304, pcmblocksize=0, loopstart=0, loopend=0, mode=0x00000000, channelmask=0x00000000, channelorder=0, peakvolume=0.905548.
[LOG] AsyncThread::threadFunc                  : Finished Asynchronous operation on sound 0x15bebaee8
[LOG] AsyncThread::add                         : add sound to async queue : soundi = 0x34fe6ec98, queue head = 0x331ad0158, queue count = 0
[LOG] AsyncThread::threadFunc                  : Starting Asynchronous operation on sound 0x34fe6ec98
[LOG] AsyncThread::add                         :     add sound to async queue : soundi = 0x34fecb088, queue head = 0x331ad0158, queue count = 0
[LOG] AsyncThread::threadFunc                  : Finished Asynchronous operation on sound 0x34fe6ec98
[LOG] AsyncThread::threadFunc                  : Starting Asynchronous operation on sound 0x34fecb088
[LOG] AsyncThread::threadFunc                  : Finished Asynchronous operation on sound 0x34fecb088
[LOG] SoundI::release                          : first scene tension 2 (0x122d40df8)
[LOG] SoundI::release                          :     first scene tension 2 (0x354fdd648)
[LOG] SoundI::release                          :     first scene tension 2 (0x354f9b6b8)
[LOG] SoundI::release                          : first scene 2 (0x122dacd88)
[LOG] SoundI::release                          :     first scene 2 (0x40495a9a8)
[LOG] SoundI::release                          :     first scene 2 (0x34fe6ec98)
[LOG] SoundI::release                          :  (0x3540f8d28)
[LOG] SoundI::release                          :     basketball-96777 (0x354033728)
[LOG] SoundI::release                          : Rope Stretch (0x15bebaee8)
[LOG] SoundI::release                          :     Rope Stretch (0x3bd7fe0a8)
[LOG] SoundI::release                          :     Rope Stretch (0x34fecb088)
[LOG] SoundI::release                          :  (0x3bd7e3ea8)
[LOG] SoundI::release                          :     Icicle break (0x3bd726b48)
[LOG] SoundI::release                          :  (0x354fd4528)
[LOG] SoundI::release                          :     bomb (0x354f517f8)
[LOG] SoundI::release                          :  (0x354fea638)
[LOG] SoundI::release                          :     transition to phase 1 (0x354fdb568)
[LOG] SoundI::release                          :  (0x15be633a8)
[LOG] SoundI::release                          :     reverse transition (0x15bedf9c8)
[LOG] SoundI::release                          :  (0x15beba3c8)
[LOG] SoundI::release                          :     transition to tutorial (0x15bec77a8)
[LOG] SoundI::release                          :  (0x15bee5e88)
[LOG] SoundI::release                          :     slime bomb (0x15bebc228)
[LOG] SoundI::release                          :  (0x331ac5118)
[LOG] SoundI::release                          :     slime-squish-5-218569 (0x331b3abb8)
[LOG] SoundI::release                          :  (0x3bd7eeec8)
[LOG] SoundI::release                          :     Runble (0x3bd744798)
[LOG] Thread::callback                         : FMOD Studio update thread finished.
[LOG] Thread::callback                         : FMOD Studio bank load thread finished.
[LOG] Profile::disconnectAll                   : Profiler disconnecting all clients
[LOG] Thread::callback                         : FMOD Studio sample load thread finished.
[LOG] LiveUpdate::release                      : 
[LOG] LiveUpdate::reset                        : Reset connection (reason Disconnected)
[LOG] Thread::callback                         : FMOD stream thread finished.
[LOG] Thread::callback                         : FMOD mixer thread finished.
[LOG] Profile::disconnectAll                   : Profiler disconnecting all clients
[LOG] SystemI::closeInternal                   : Closed.
[LOG] Thread::callback                         : FMOD Studio bank load thread finished.
[LOG] Thread::callback                         : FMOD Studio sample load thread finished.
[LOG] LiveUpdate::release                      : 
[LOG] LiveUpdate::reset                        : Reset connection (reason Disconnected)
[LOG] Thread::callback                         : FMOD stream thread finished.
[LOG] Thread::callback                         : FMOD mixer thread finished.
[LOG] SystemI::closeInternal                   : Closed.
[LOG] Thread::callback                         : FMOD nonblocking thread (0) finished.
[LOG] Thread::callback                         : FMOD file thread finished.
